<?xml version="1.0" encoding="UTF-8"?>
<!-- Generated by org.testng.reporters.JUnitReportReporter -->
<testsuite hostname="Prathesh" failures="0" tests="1" name="Maven_project.First_program" time="93.221" errors="0" timestamp="2023-04-14T13:11:58 IST" skipped="0">
  <testcase classname="Maven_project.First_program" name="script" time="93.221"/>
  <system-out/>
</testsuite> <!-- Maven_project.First_program -->
