<?xml version="1.0" encoding="UTF-8"?>
<!-- Generated by org.testng.reporters.JUnitReportReporter -->
<testsuite hostname="Prathesh" failures="0" tests="1" name="Maven_project.First_programm" time="92.347" errors="0" timestamp="2023-05-02T16:04:41 IST" skipped="0">
  <testcase classname="Maven_project.First_programm" name="script" time="92.347"/>
  <system-out/>
</testsuite> <!-- Maven_project.First_programm -->
